{
  "C:\\Users\\Алёна\\Desktop\\rss_coding\\Components-1\\src\\main.tsx": {
    "path": "C:\\Users\\Алёна\\Desktop\\rss_coding\\Components-1\\src\\main.tsx",
    "statementMap": {
      "0": {
        "start": { "line": 1, "column": 0 },
        "end": { "line": 1, "column": 26 }
      },
      "1": {
        "start": { "line": 2, "column": 0 },
        "end": { "line": 2, "column": 40 }
      },
      "2": {
        "start": { "line": 3, "column": 0 },
        "end": { "line": 3, "column": 21 }
      },
      "3": {
        "start": { "line": 4, "column": 0 },
        "end": { "line": 4, "column": 28 }
      },
      "4": {
        "start": { "line": 6, "column": 0 },
        "end": { "line": 10, "column": 2 }
      }
    },
    "fnMap": {},
    "branchMap": {},
    "s": { "0": 0, "1": 0, "2": 0, "3": 0, "4": 0 },
    "f": {},
    "b": {}
  },
  "C:\\Users\\Алёна\\Desktop\\rss_coding\\Components-1\\src\\vite-env.d.ts": {
    "path": "C:\\Users\\Алёна\\Desktop\\rss_coding\\Components-1\\src\\vite-env.d.ts",
    "statementMap": {},
    "fnMap": {},
    "branchMap": {},
    "s": {},
    "f": {},
    "b": {}
  },
  "C:\\Users\\Алёна\\Desktop\\rss_coding\\Components-1\\src\\api\\Api.tsx": {
    "path": "C:\\Users\\Алёна\\Desktop\\rss_coding\\Components-1\\src\\api\\Api.tsx",
    "statementMap": {
      "0": {
        "start": { "line": 8, "column": 17 },
        "end": { "line": 8, "column": 22 }
      },
      "1": {
        "start": { "line": 10, "column": 2 },
        "end": { "line": 20, "column": null }
      },
      "2": {
        "start": { "line": 11, "column": 17 },
        "end": { "line": 11, "column": 66 }
      },
      "3": {
        "start": { "line": 12, "column": 4 },
        "end": { "line": 14, "column": null }
      },
      "4": {
        "start": { "line": 13, "column": 6 },
        "end": { "line": 13, "column": 60 }
      },
      "5": {
        "start": { "line": 15, "column": 17 },
        "end": { "line": 15, "column": 34 }
      },
      "6": {
        "start": { "line": 16, "column": 4 },
        "end": { "line": 16, "column": 16 }
      },
      "7": {
        "start": { "line": 18, "column": 4 },
        "end": { "line": 18, "column": 47 }
      },
      "8": {
        "start": { "line": 19, "column": 4 },
        "end": { "line": 19, "column": 16 }
      },
      "9": {
        "start": { "line": 5, "column": 0 },
        "end": { "line": 5, "column": 7 }
      },
      "10": {
        "start": { "line": 27, "column": 2 },
        "end": { "line": 39, "column": null }
      },
      "11": {
        "start": { "line": 28, "column": 18 },
        "end": { "line": 28, "column": 54 }
      },
      "12": {
        "start": { "line": 30, "column": 17 },
        "end": { "line": 30, "column": 68 }
      },
      "13": {
        "start": { "line": 31, "column": 4 },
        "end": { "line": 33, "column": null }
      },
      "14": {
        "start": { "line": 32, "column": 6 },
        "end": { "line": 32, "column": 36 }
      },
      "15": {
        "start": { "line": 34, "column": 17 },
        "end": { "line": 34, "column": 34 }
      },
      "16": {
        "start": { "line": 35, "column": 4 },
        "end": { "line": 35, "column": 16 }
      },
      "17": {
        "start": { "line": 37, "column": 4 },
        "end": { "line": 37, "column": 47 }
      },
      "18": {
        "start": { "line": 38, "column": 4 },
        "end": { "line": 38, "column": 16 }
      },
      "19": {
        "start": { "line": 23, "column": 0 },
        "end": { "line": 23, "column": 7 }
      },
      "20": {
        "start": { "line": 42, "column": 25 },
        "end": { "line": 56, "column": 1 }
      },
      "21": {
        "start": { "line": 43, "column": 26 },
        "end": { "line": 43, "column": 28 }
      },
      "22": {
        "start": { "line": 45, "column": 2 },
        "end": { "line": 47, "column": null }
      },
      "23": {
        "start": { "line": 46, "column": 4 },
        "end": { "line": 46, "column": 41 }
      },
      "24": {
        "start": { "line": 49, "column": 2 },
        "end": { "line": 51, "column": null }
      },
      "25": {
        "start": { "line": 50, "column": 4 },
        "end": { "line": 50, "column": 42 }
      },
      "26": {
        "start": { "line": 53, "column": 17 },
        "end": { "line": 53, "column": 32 }
      },
      "27": {
        "start": { "line": 55, "column": 2 },
        "end": { "line": 55, "column": 37 }
      }
    },
    "fnMap": {
      "0": {
        "name": "getCharacter",
        "decl": {
          "start": { "line": 5, "column": 22 },
          "end": { "line": 5, "column": 34 }
        },
        "loc": {
          "start": { "line": 6, "column": 23 },
          "end": { "line": 21, "column": 1 }
        }
      },
      "1": {
        "name": "searchCharacters",
        "decl": {
          "start": { "line": 23, "column": 22 },
          "end": { "line": 23, "column": 38 }
        },
        "loc": {
          "start": { "line": 25, "column": 15 },
          "end": { "line": 40, "column": 1 }
        }
      },
      "2": {
        "name": "(anonymous_2)",
        "decl": {
          "start": { "line": 42, "column": 25 },
          "end": { "line": 42, "column": 26 }
        },
        "loc": {
          "start": { "line": 42, "column": 74 },
          "end": { "line": 56, "column": 1 }
        }
      }
    },
    "branchMap": {
      "0": {
        "loc": {
          "start": { "line": 12, "column": 4 },
          "end": { "line": 14, "column": null }
        },
        "type": "if",
        "locations": [
          {
            "start": { "line": 12, "column": 4 },
            "end": { "line": 14, "column": null }
          }
        ]
      },
      "1": {
        "loc": {
          "start": { "line": 31, "column": 4 },
          "end": { "line": 33, "column": null }
        },
        "type": "if",
        "locations": [
          {
            "start": { "line": 31, "column": 4 },
            "end": { "line": 33, "column": null }
          }
        ]
      },
      "2": {
        "loc": {
          "start": { "line": 45, "column": 2 },
          "end": { "line": 47, "column": null }
        },
        "type": "if",
        "locations": [
          {
            "start": { "line": 45, "column": 2 },
            "end": { "line": 47, "column": null }
          }
        ]
      },
      "3": {
        "loc": {
          "start": { "line": 49, "column": 2 },
          "end": { "line": 51, "column": null }
        },
        "type": "if",
        "locations": [
          {
            "start": { "line": 49, "column": 2 },
            "end": { "line": 51, "column": null }
          }
        ]
      },
      "4": {
        "loc": {
          "start": { "line": 55, "column": 9 },
          "end": { "line": 55, "column": 36 }
        },
        "type": "cond-expr",
        "locations": [
          {
            "start": { "line": 55, "column": 18 },
            "end": { "line": 55, "column": 31 }
          },
          {
            "start": { "line": 55, "column": 34 },
            "end": { "line": 55, "column": 36 }
          }
        ]
      }
    },
    "s": {
      "0": 0,
      "1": 0,
      "2": 0,
      "3": 0,
      "4": 0,
      "5": 0,
      "6": 0,
      "7": 0,
      "8": 0,
      "9": 0,
      "10": 0,
      "11": 0,
      "12": 0,
      "13": 0,
      "14": 0,
      "15": 0,
      "16": 0,
      "17": 0,
      "18": 0,
      "19": 0,
      "20": 0,
      "21": 0,
      "22": 0,
      "23": 0,
      "24": 0,
      "25": 0,
      "26": 0,
      "27": 0
    },
    "f": { "0": 0, "1": 0, "2": 0 },
    "b": { "0": [0], "1": [0], "2": [0], "3": [0], "4": [0, 0] }
  },
  "C:\\Users\\Алёна\\Desktop\\rss_coding\\Components-1\\src\\app\\App.tsx": {
    "path": "C:\\Users\\Алёна\\Desktop\\rss_coding\\Components-1\\src\\app\\App.tsx",
    "statementMap": {
      "0": {
        "start": { "line": 1, "column": 0 },
        "end": { "line": 1, "column": 50 }
      },
      "1": {
        "start": { "line": 2, "column": 0 },
        "end": { "line": 2, "column": 50 }
      },
      "2": {
        "start": { "line": 4, "column": 12 },
        "end": { "line": 6, "column": 1 }
      },
      "3": {
        "start": { "line": 5, "column": 2 },
        "end": { "line": 5, "column": 44 }
      },
      "4": {
        "start": { "line": 8, "column": 0 },
        "end": { "line": 8, "column": 19 }
      }
    },
    "fnMap": {
      "0": {
        "name": "(anonymous_0)",
        "decl": {
          "start": { "line": 4, "column": 12 },
          "end": { "line": 4, "column": 15 }
        },
        "loc": {
          "start": { "line": 4, "column": 17 },
          "end": { "line": 6, "column": 1 }
        }
      }
    },
    "branchMap": {},
    "s": { "0": 0, "1": 0, "2": 0, "3": 0, "4": 0 },
    "f": { "0": 0 },
    "b": {}
  },
  "C:\\Users\\Алёна\\Desktop\\rss_coding\\Components-1\\src\\pages\\Main\\Main.tsx": {
    "path": "C:\\Users\\Алёна\\Desktop\\rss_coding\\Components-1\\src\\pages\\Main\\Main.tsx",
    "statementMap": {
      "0": {
        "start": { "line": 1, "column": 0 },
        "end": { "line": 1, "column": 44 }
      },
      "1": {
        "start": { "line": 2, "column": 0 },
        "end": { "line": 2, "column": 55 }
      },
      "2": {
        "start": { "line": 3, "column": 0 },
        "end": { "line": 3, "column": 49 }
      },
      "3": {
        "start": { "line": 5, "column": 0 },
        "end": { "line": 5, "column": 61 }
      },
      "4": {
        "start": { "line": 6, "column": 0 },
        "end": { "line": 6, "column": null }
      },
      "5": {
        "start": { "line": 12, "column": 0 },
        "end": { "line": 12, "column": 69 }
      },
      "6": {
        "start": { "line": 13, "column": 0 },
        "end": { "line": 13, "column": 46 }
      },
      "7": {
        "start": { "line": 14, "column": 0 },
        "end": { "line": 14, "column": 49 }
      },
      "8": {
        "start": { "line": 15, "column": 0 },
        "end": { "line": 15, "column": 20 }
      },
      "9": {
        "start": { "line": 16, "column": 0 },
        "end": { "line": 16, "column": 61 }
      },
      "10": {
        "start": { "line": 18, "column": 19 },
        "end": { "line": 18, "column": 20 }
      },
      "11": {
        "start": { "line": 21, "column": 44 },
        "end": { "line": 21, "column": 69 }
      },
      "12": {
        "start": { "line": 22, "column": 42 },
        "end": { "line": 22, "column": 62 }
      },
      "13": {
        "start": { "line": 23, "column": 48 },
        "end": { "line": 24, "column": null }
      },
      "14": {
        "start": { "line": 26, "column": 32 },
        "end": { "line": 26, "column": 55 }
      },
      "15": {
        "start": { "line": 27, "column": 40 },
        "end": { "line": 27, "column": 68 }
      },
      "16": {
        "start": { "line": 28, "column": 28 },
        "end": { "line": 28, "column": 57 }
      },
      "17": {
        "start": { "line": 29, "column": 38 },
        "end": { "line": 30, "column": null }
      },
      "18": {
        "start": { "line": 32, "column": 42 },
        "end": { "line": 32, "column": 59 }
      },
      "19": {
        "start": { "line": 33, "column": 19 },
        "end": { "line": 33, "column": 32 }
      },
      "20": {
        "start": { "line": 34, "column": 21 },
        "end": { "line": 34, "column": 36 }
      },
      "21": {
        "start": { "line": 36, "column": 27 },
        "end": { "line": 93, "column": 3 }
      },
      "22": {
        "start": { "line": 41, "column": 4 },
        "end": { "line": 41, "column": 21 }
      },
      "23": {
        "start": { "line": 43, "column": 4 },
        "end": { "line": 92, "column": null }
      },
      "24": {
        "start": { "line": 45, "column": 6 },
        "end": { "line": 73, "column": null }
      },
      "25": {
        "start": { "line": 50, "column": 8 },
        "end": { "line": 67, "column": null }
      },
      "26": {
        "start": { "line": 51, "column": 10 },
        "end": { "line": 51, "column": 64 }
      },
      "27": {
        "start": { "line": 52, "column": 10 },
        "end": { "line": 54, "column": null }
      },
      "28": {
        "start": { "line": 53, "column": 12 },
        "end": { "line": 53, "column": 66 }
      },
      "29": {
        "start": { "line": 56, "column": 10 },
        "end": { "line": 56, "column": 78 }
      },
      "30": {
        "start": { "line": 58, "column": 10 },
        "end": { "line": 66, "column": null }
      },
      "31": {
        "start": { "line": 59, "column": 12 },
        "end": { "line": 65, "column": 18 }
      },
      "32": {
        "start": { "line": 69, "column": 8 },
        "end": { "line": 69, "column": 61 }
      },
      "33": {
        "start": { "line": 70, "column": 8 },
        "end": { "line": 72, "column": null }
      },
      "34": {
        "start": { "line": 71, "column": 10 },
        "end": { "line": 71, "column": 41 }
      },
      "35": {
        "start": { "line": 74, "column": 6 },
        "end": { "line": 76, "column": null }
      },
      "36": {
        "start": { "line": 75, "column": 8 },
        "end": { "line": 75, "column": 29 }
      },
      "37": {
        "start": { "line": 78, "column": 6 },
        "end": { "line": 83, "column": null }
      },
      "38": {
        "start": { "line": 79, "column": 8 },
        "end": { "line": 79, "column": 36 }
      },
      "39": {
        "start": { "line": 80, "column": 8 },
        "end": { "line": 80, "column": 35 }
      },
      "40": {
        "start": { "line": 82, "column": 8 },
        "end": { "line": 82, "column": 48 }
      },
      "41": {
        "start": { "line": 85, "column": 6 },
        "end": { "line": 87, "column": 8 }
      },
      "42": {
        "start": { "line": 89, "column": 6 },
        "end": { "line": 89, "column": 25 }
      },
      "43": {
        "start": { "line": 91, "column": 6 },
        "end": { "line": 91, "column": 24 }
      },
      "44": {
        "start": { "line": 95, "column": 23 },
        "end": { "line": 104, "column": 3 }
      },
      "45": {
        "start": { "line": 96, "column": 27 },
        "end": { "line": 96, "column": 49 }
      },
      "46": {
        "start": { "line": 98, "column": 4 },
        "end": { "line": 98, "column": 48 }
      },
      "47": {
        "start": { "line": 98, "column": 41 },
        "end": { "line": 98, "column": 48 }
      },
      "48": {
        "start": { "line": 100, "column": 4 },
        "end": { "line": 100, "column": 36 }
      },
      "49": {
        "start": { "line": 101, "column": 4 },
        "end": { "line": 101, "column": 50 }
      },
      "50": {
        "start": { "line": 103, "column": 4 },
        "end": { "line": 103, "column": 37 }
      },
      "51": {
        "start": { "line": 106, "column": 26 },
        "end": { "line": 115, "column": 3 }
      },
      "52": {
        "start": { "line": 107, "column": 31 },
        "end": { "line": 107, "column": 66 }
      },
      "53": {
        "start": { "line": 109, "column": 4 },
        "end": { "line": 112, "column": null }
      },
      "54": {
        "start": { "line": 110, "column": 6 },
        "end": { "line": 110, "column": 42 }
      },
      "55": {
        "start": { "line": 111, "column": 6 },
        "end": { "line": 111, "column": 45 }
      },
      "56": {
        "start": { "line": 114, "column": 4 },
        "end": { "line": 114, "column": 77 }
      },
      "57": {
        "start": { "line": 117, "column": 2 },
        "end": { "line": 119, "column": 9 }
      },
      "58": {
        "start": { "line": 118, "column": 4 },
        "end": { "line": 118, "column": 22 }
      },
      "59": {
        "start": { "line": 121, "column": 35 },
        "end": { "line": 127, "column": 3 }
      },
      "60": {
        "start": { "line": 124, "column": 4 },
        "end": { "line": 124, "column": 25 }
      },
      "61": {
        "start": { "line": 125, "column": 4 },
        "end": { "line": 125, "column": 39 }
      },
      "62": {
        "start": { "line": 126, "column": 4 },
        "end": { "line": 126, "column": 68 }
      },
      "63": {
        "start": { "line": 129, "column": 21 },
        "end": { "line": 131, "column": 3 }
      },
      "64": {
        "start": { "line": 130, "column": 4 },
        "end": { "line": 130, "column": 67 }
      },
      "65": {
        "start": { "line": 130, "column": 30 },
        "end": { "line": 130, "column": 67 }
      },
      "66": {
        "start": { "line": 133, "column": 2 },
        "end": { "line": 163, "column": 4 }
      },
      "67": {
        "start": { "line": 166, "column": 0 },
        "end": { "line": 166, "column": 24 }
      }
    },
    "fnMap": {
      "0": {
        "name": "MainPage",
        "decl": {
          "start": { "line": 20, "column": 9 },
          "end": { "line": 20, "column": 17 }
        },
        "loc": {
          "start": { "line": 20, "column": 17 },
          "end": { "line": 164, "column": 1 }
        }
      },
      "1": {
        "name": "(anonymous_2)",
        "decl": {
          "start": { "line": 36, "column": 27 },
          "end": { "line": 36, "column": 32 }
        },
        "loc": {
          "start": { "line": 40, "column": 6 },
          "end": { "line": 93, "column": 3 }
        }
      },
      "2": {
        "name": "(anonymous_3)",
        "decl": {
          "start": { "line": 95, "column": 23 },
          "end": { "line": 95, "column": 28 }
        },
        "loc": {
          "start": { "line": 95, "column": 34 },
          "end": { "line": 104, "column": 3 }
        }
      },
      "3": {
        "name": "(anonymous_4)",
        "decl": {
          "start": { "line": 106, "column": 26 },
          "end": { "line": 106, "column": 31 }
        },
        "loc": {
          "start": { "line": 106, "column": 37 },
          "end": { "line": 115, "column": 3 }
        }
      },
      "4": {
        "name": "(anonymous_5)",
        "decl": {
          "start": { "line": 117, "column": 12 },
          "end": { "line": 117, "column": 15 }
        },
        "loc": {
          "start": { "line": 117, "column": 17 },
          "end": { "line": 119, "column": 3 }
        }
      },
      "5": {
        "name": "(anonymous_6)",
        "decl": {
          "start": { "line": 121, "column": 35 },
          "end": { "line": 121, "column": null }
        },
        "loc": {
          "start": { "line": 123, "column": 6 },
          "end": { "line": 127, "column": 3 }
        }
      },
      "6": {
        "name": "(anonymous_7)",
        "decl": {
          "start": { "line": 129, "column": 21 },
          "end": { "line": 129, "column": 22 }
        },
        "loc": {
          "start": { "line": 129, "column": 44 },
          "end": { "line": 131, "column": 3 }
        }
      }
    },
    "branchMap": {
      "0": {
        "loc": {
          "start": { "line": 24, "column": 4 },
          "end": { "line": 24, "column": 39 }
        },
        "type": "binary-expr",
        "locations": [
          {
            "start": { "line": 24, "column": 4 },
            "end": { "line": 24, "column": 33 }
          },
          {
            "start": { "line": 24, "column": 37 },
            "end": { "line": 24, "column": 39 }
          }
        ]
      },
      "1": {
        "loc": {
          "start": { "line": 38, "column": 4 },
          "end": { "line": 38, "column": 34 }
        },
        "type": "default-arg",
        "locations": [
          {
            "start": { "line": 38, "column": 24 },
            "end": { "line": 38, "column": 34 }
          }
        ]
      },
      "2": {
        "loc": {
          "start": { "line": 45, "column": 6 },
          "end": { "line": 73, "column": null }
        },
        "type": "if",
        "locations": [
          {
            "start": { "line": 45, "column": 6 },
            "end": { "line": 73, "column": null }
          },
          {
            "start": { "line": 68, "column": 13 },
            "end": { "line": 73, "column": null }
          }
        ]
      },
      "3": {
        "loc": {
          "start": { "line": 46, "column": 8 },
          "end": { "line": 48, "column": 69 }
        },
        "type": "binary-expr",
        "locations": [
          {
            "start": { "line": 46, "column": 8 },
            "end": { "line": 46, "column": 20 }
          },
          {
            "start": { "line": 47, "column": 8 },
            "end": { "line": 47, "column": 52 }
          },
          {
            "start": { "line": 48, "column": 9 },
            "end": { "line": 48, "column": 22 }
          },
          {
            "start": { "line": 48, "column": 26 },
            "end": { "line": 48, "column": 68 }
          }
        ]
      },
      "4": {
        "loc": {
          "start": { "line": 50, "column": 8 },
          "end": { "line": 67, "column": null }
        },
        "type": "if",
        "locations": [
          {
            "start": { "line": 50, "column": 8 },
            "end": { "line": 67, "column": null }
          },
          {
            "start": { "line": 55, "column": 15 },
            "end": { "line": 67, "column": null }
          }
        ]
      },
      "5": {
        "loc": {
          "start": { "line": 52, "column": 10 },
          "end": { "line": 54, "column": null }
        },
        "type": "if",
        "locations": [
          {
            "start": { "line": 52, "column": 10 },
            "end": { "line": 54, "column": null }
          }
        ]
      },
      "6": {
        "loc": {
          "start": { "line": 58, "column": 10 },
          "end": { "line": 66, "column": null }
        },
        "type": "if",
        "locations": [
          {
            "start": { "line": 58, "column": 10 },
            "end": { "line": 66, "column": null }
          }
        ]
      },
      "7": {
        "loc": {
          "start": { "line": 59, "column": 12 },
          "end": { "line": 64, "column": null }
        },
        "type": "cond-expr",
        "locations": [
          {
            "start": { "line": 60, "column": 16 },
            "end": { "line": 61, "column": null }
          },
          {
            "start": { "line": 63, "column": 16 },
            "end": { "line": 64, "column": null }
          }
        ]
      },
      "8": {
        "loc": {
          "start": { "line": 61, "column": 40 },
          "end": { "line": 61, "column": 66 }
        },
        "type": "binary-expr",
        "locations": [
          {
            "start": { "line": 61, "column": 40 },
            "end": { "line": 61, "column": 52 }
          },
          {
            "start": { "line": 61, "column": 56 },
            "end": { "line": 61, "column": 66 }
          }
        ]
      },
      "9": {
        "loc": {
          "start": { "line": 64, "column": 37 },
          "end": { "line": 64, "column": 63 }
        },
        "type": "binary-expr",
        "locations": [
          {
            "start": { "line": 64, "column": 37 },
            "end": { "line": 64, "column": 49 }
          },
          {
            "start": { "line": 64, "column": 53 },
            "end": { "line": 64, "column": 63 }
          }
        ]
      },
      "10": {
        "loc": {
          "start": { "line": 70, "column": 8 },
          "end": { "line": 72, "column": null }
        },
        "type": "if",
        "locations": [
          {
            "start": { "line": 70, "column": 8 },
            "end": { "line": 72, "column": null }
          }
        ]
      },
      "11": {
        "loc": {
          "start": { "line": 74, "column": 6 },
          "end": { "line": 76, "column": null }
        },
        "type": "if",
        "locations": [
          {
            "start": { "line": 74, "column": 6 },
            "end": { "line": 76, "column": null }
          }
        ]
      },
      "12": {
        "loc": {
          "start": { "line": 78, "column": 6 },
          "end": { "line": 83, "column": null }
        },
        "type": "if",
        "locations": [
          {
            "start": { "line": 78, "column": 6 },
            "end": { "line": 83, "column": null }
          },
          {
            "start": { "line": 81, "column": 13 },
            "end": { "line": 83, "column": null }
          }
        ]
      },
      "13": {
        "loc": {
          "start": { "line": 82, "column": 23 },
          "end": { "line": 82, "column": 46 }
        },
        "type": "binary-expr",
        "locations": [
          {
            "start": { "line": 82, "column": 23 },
            "end": { "line": 82, "column": 32 }
          },
          {
            "start": { "line": 82, "column": 36 },
            "end": { "line": 82, "column": 46 }
          }
        ]
      },
      "14": {
        "loc": {
          "start": { "line": 86, "column": 16 },
          "end": { "line": 86, "column": 39 }
        },
        "type": "binary-expr",
        "locations": [
          {
            "start": { "line": 86, "column": 16 },
            "end": { "line": 86, "column": 25 }
          },
          {
            "start": { "line": 86, "column": 29 },
            "end": { "line": 86, "column": 39 }
          }
        ]
      },
      "15": {
        "loc": {
          "start": { "line": 86, "column": 49 },
          "end": { "line": 86, "column": 75 }
        },
        "type": "binary-expr",
        "locations": [
          {
            "start": { "line": 86, "column": 49 },
            "end": { "line": 86, "column": 61 }
          },
          {
            "start": { "line": 86, "column": 65 },
            "end": { "line": 86, "column": 75 }
          }
        ]
      },
      "16": {
        "loc": {
          "start": { "line": 98, "column": 4 },
          "end": { "line": 98, "column": 48 }
        },
        "type": "if",
        "locations": [
          {
            "start": { "line": 98, "column": 4 },
            "end": { "line": 98, "column": 48 }
          }
        ]
      },
      "17": {
        "loc": {
          "start": { "line": 107, "column": 31 },
          "end": { "line": 107, "column": 66 }
        },
        "type": "binary-expr",
        "locations": [
          {
            "start": { "line": 107, "column": 31 },
            "end": { "line": 107, "column": 60 }
          },
          {
            "start": { "line": 107, "column": 64 },
            "end": { "line": 107, "column": 66 }
          }
        ]
      },
      "18": {
        "loc": {
          "start": { "line": 109, "column": 4 },
          "end": { "line": 112, "column": null }
        },
        "type": "if",
        "locations": [
          {
            "start": { "line": 109, "column": 4 },
            "end": { "line": 112, "column": null }
          }
        ]
      },
      "19": {
        "loc": {
          "start": { "line": 114, "column": 21 },
          "end": { "line": 114, "column": 75 }
        },
        "type": "cond-expr",
        "locations": [
          {
            "start": { "line": 114, "column": 42 },
            "end": { "line": 114, "column": 60 }
          },
          {
            "start": { "line": 114, "column": 63 },
            "end": { "line": 114, "column": 75 }
          }
        ]
      },
      "20": {
        "loc": {
          "start": { "line": 130, "column": 4 },
          "end": { "line": 130, "column": 67 }
        },
        "type": "if",
        "locations": [
          {
            "start": { "line": 130, "column": 4 },
            "end": { "line": 130, "column": 67 }
          }
        ]
      },
      "21": {
        "loc": {
          "start": { "line": 145, "column": 7 },
          "end": { "line": 160, "column": null }
        },
        "type": "cond-expr",
        "locations": [
          {
            "start": { "line": 146, "column": 8 },
            "end": { "line": 147, "column": null }
          },
          {
            "start": { "line": 150, "column": 8 },
            "end": { "line": 159, "column": null }
          }
        ]
      }
    },
    "s": {
      "0": 0,
      "1": 0,
      "2": 0,
      "3": 0,
      "4": 0,
      "5": 0,
      "6": 0,
      "7": 0,
      "8": 0,
      "9": 0,
      "10": 0,
      "11": 0,
      "12": 0,
      "13": 0,
      "14": 0,
      "15": 0,
      "16": 0,
      "17": 0,
      "18": 0,
      "19": 0,
      "20": 0,
      "21": 0,
      "22": 0,
      "23": 0,
      "24": 0,
      "25": 0,
      "26": 0,
      "27": 0,
      "28": 0,
      "29": 0,
      "30": 0,
      "31": 0,
      "32": 0,
      "33": 0,
      "34": 0,
      "35": 0,
      "36": 0,
      "37": 0,
      "38": 0,
      "39": 0,
      "40": 0,
      "41": 0,
      "42": 0,
      "43": 0,
      "44": 0,
      "45": 0,
      "46": 0,
      "47": 0,
      "48": 0,
      "49": 0,
      "50": 0,
      "51": 0,
      "52": 0,
      "53": 0,
      "54": 0,
      "55": 0,
      "56": 0,
      "57": 0,
      "58": 0,
      "59": 0,
      "60": 0,
      "61": 0,
      "62": 0,
      "63": 0,
      "64": 0,
      "65": 0,
      "66": 0,
      "67": 0
    },
    "f": { "0": 0, "1": 0, "2": 0, "3": 0, "4": 0, "5": 0, "6": 0 },
    "b": {
      "0": [0, 0],
      "1": [0],
      "2": [0, 0],
      "3": [0, 0, 0, 0],
      "4": [0, 0],
      "5": [0],
      "6": [0],
      "7": [0, 0],
      "8": [0, 0],
      "9": [0, 0],
      "10": [0],
      "11": [0],
      "12": [0, 0],
      "13": [0, 0],
      "14": [0, 0],
      "15": [0, 0],
      "16": [0],
      "17": [0, 0],
      "18": [0],
      "19": [0, 0],
      "20": [0],
      "21": [0, 0]
    }
  },
  "C:\\Users\\Алёна\\Desktop\\rss_coding\\Components-1\\src\\pages\\NotFound\\NotFound.tsx": {
    "path": "C:\\Users\\Алёна\\Desktop\\rss_coding\\Components-1\\src\\pages\\NotFound\\NotFound.tsx",
    "statementMap": {
      "0": {
        "start": { "line": 1, "column": 0 },
        "end": { "line": 1, "column": 57 }
      },
      "1": {
        "start": { "line": 2, "column": 0 },
        "end": { "line": 2, "column": 24 }
      },
      "2": {
        "start": { "line": 4, "column": 17 },
        "end": { "line": 20, "column": 1 }
      },
      "3": {
        "start": { "line": 5, "column": 2 },
        "end": { "line": 19, "column": 4 }
      },
      "4": {
        "start": { "line": 22, "column": 0 },
        "end": { "line": 22, "column": 24 }
      }
    },
    "fnMap": {
      "0": {
        "name": "(anonymous_1)",
        "decl": {
          "start": { "line": 4, "column": 17 },
          "end": { "line": 4, "column": 33 }
        },
        "loc": {
          "start": { "line": 4, "column": 35 },
          "end": { "line": 20, "column": 1 }
        }
      }
    },
    "branchMap": {},
    "s": { "0": 0, "1": 0, "2": 0, "3": 0, "4": 0 },
    "f": { "0": 0 },
    "b": {}
  },
  "C:\\Users\\Алёна\\Desktop\\rss_coding\\Components-1\\src\\types\\index.ts": {
    "path": "C:\\Users\\Алёна\\Desktop\\rss_coding\\Components-1\\src\\types\\index.ts",
    "statementMap": {
      "0": {
        "start": { "line": 1, "column": 0 },
        "end": { "line": 1, "column": null }
      },
      "1": {
        "start": { "line": 2, "column": 2 },
        "end": { "line": 2, "column": null }
      },
      "2": {
        "start": { "line": 3, "column": 2 },
        "end": { "line": 3, "column": null }
      }
    },
    "fnMap": {
      "0": {
        "name": "(anonymous_0)",
        "decl": {
          "start": { "line": 1, "column": 0 },
          "end": { "line": 1, "column": 12 }
        },
        "loc": {
          "start": { "line": 1, "column": 22 },
          "end": { "line": 4, "column": 1 }
        }
      }
    },
    "branchMap": {
      "0": {
        "loc": {
          "start": { "line": 1, "column": 12 },
          "end": { "line": 1, "column": null }
        },
        "type": "binary-expr",
        "locations": [
          {
            "start": { "line": 1, "column": 12 },
            "end": { "line": 1, "column": 22 }
          },
          {
            "start": { "line": 1, "column": 22 },
            "end": { "line": 1, "column": null }
          }
        ]
      }
    },
    "s": { "0": 0, "1": 0, "2": 0 },
    "f": { "0": 0 },
    "b": { "0": [0, 0] }
  },
  "C:\\Users\\Алёна\\Desktop\\rss_coding\\Components-1\\src\\utils\\getCharacterId.tsx": {
    "path": "C:\\Users\\Алёна\\Desktop\\rss_coding\\Components-1\\src\\utils\\getCharacterId.tsx",
    "statementMap": {
      "0": {
        "start": { "line": 1, "column": 30 },
        "end": { "line": 4, "column": 1 }
      },
      "1": {
        "start": { "line": 2, "column": 14 },
        "end": { "line": 2, "column": 28 }
      },
      "2": {
        "start": { "line": 3, "column": 2 },
        "end": { "line": 3, "column": 29 }
      },
      "3": {
        "start": { "line": 1, "column": 13 },
        "end": { "line": 1, "column": 30 }
      }
    },
    "fnMap": {
      "0": {
        "name": "(anonymous_0)",
        "decl": {
          "start": { "line": 1, "column": 30 },
          "end": { "line": 1, "column": 31 }
        },
        "loc": {
          "start": { "line": 1, "column": 46 },
          "end": { "line": 4, "column": 1 }
        }
      }
    },
    "branchMap": {},
    "s": { "0": 0, "1": 0, "2": 0, "3": 0 },
    "f": { "0": 0 },
    "b": {}
  },
  "C:\\Users\\Алёна\\Desktop\\rss_coding\\Components-1\\src\\utils\\routePath.tsx": {
    "path": "C:\\Users\\Алёна\\Desktop\\rss_coding\\Components-1\\src\\utils\\routePath.tsx",
    "statementMap": {
      "0": {
        "start": { "line": 1, "column": 0 },
        "end": { "line": 1, "column": null }
      },
      "1": {
        "start": { "line": 2, "column": 2 },
        "end": { "line": 2, "column": null }
      },
      "2": {
        "start": { "line": 3, "column": 2 },
        "end": { "line": 3, "column": null }
      }
    },
    "fnMap": {
      "0": {
        "name": "(anonymous_0)",
        "decl": {
          "start": { "line": 1, "column": 0 },
          "end": { "line": 1, "column": 18 }
        },
        "loc": {
          "start": { "line": 1, "column": 23 },
          "end": { "line": 4, "column": 1 }
        }
      }
    },
    "branchMap": {
      "0": {
        "loc": {
          "start": { "line": 1, "column": 18 },
          "end": { "line": 1, "column": null }
        },
        "type": "binary-expr",
        "locations": [
          {
            "start": { "line": 1, "column": 18 },
            "end": { "line": 1, "column": 23 }
          },
          {
            "start": { "line": 1, "column": 23 },
            "end": { "line": 1, "column": null }
          }
        ]
      }
    },
    "s": { "0": 0, "1": 0, "2": 0 },
    "f": { "0": 0 },
    "b": { "0": [0, 0] }
  },
  "C:\\Users\\Алёна\\Desktop\\rss_coding\\Components-1\\src\\widgets\\Card\\Card.tsx": {
    "path": "C:\\Users\\Алёна\\Desktop\\rss_coding\\Components-1\\src\\widgets\\Card\\Card.tsx",
    "statementMap": {
      "0": {
        "start": { "line": 1, "column": 0 },
        "end": { "line": 1, "column": 60 }
      },
      "1": {
        "start": { "line": 3, "column": 0 },
        "end": { "line": 3, "column": 60 }
      },
      "2": {
        "start": { "line": 4, "column": 0 },
        "end": { "line": 4, "column": 20 }
      },
      "3": {
        "start": { "line": 6, "column": 14 },
        "end": { "line": 35, "column": 1 }
      },
      "4": {
        "start": { "line": 7, "column": 25 },
        "end": { "line": 7, "column": 42 }
      },
      "5": {
        "start": { "line": 9, "column": 22 },
        "end": { "line": 11, "column": 3 }
      },
      "6": {
        "start": { "line": 10, "column": 4 },
        "end": { "line": 10, "column": 63 }
      },
      "7": {
        "start": { "line": 13, "column": 2 },
        "end": { "line": 34, "column": 4 }
      },
      "8": {
        "start": { "line": 17, "column": 10 },
        "end": { "line": 20, "column": null }
      },
      "9": {
        "start": { "line": 37, "column": 0 },
        "end": { "line": 37, "column": 21 }
      }
    },
    "fnMap": {
      "0": {
        "name": "(anonymous_0)",
        "decl": {
          "start": { "line": 6, "column": 14 },
          "end": { "line": 6, "column": 15 }
        },
        "loc": {
          "start": { "line": 6, "column": 54 },
          "end": { "line": 35, "column": 1 }
        }
      },
      "1": {
        "name": "(anonymous_1)",
        "decl": {
          "start": { "line": 9, "column": 22 },
          "end": { "line": 9, "column": 25 }
        },
        "loc": {
          "start": { "line": 9, "column": 27 },
          "end": { "line": 11, "column": 3 }
        }
      },
      "2": {
        "name": "(anonymous_2)",
        "decl": {
          "start": { "line": 16, "column": 29 },
          "end": { "line": 16, "column": 30 }
        },
        "loc": {
          "start": { "line": 17, "column": 10 },
          "end": { "line": 20, "column": null }
        }
      }
    },
    "branchMap": {
      "0": {
        "loc": {
          "start": { "line": 15, "column": 7 },
          "end": { "line": 31, "column": null }
        },
        "type": "cond-expr",
        "locations": [
          {
            "start": { "line": 16, "column": 8 },
            "end": { "line": 29, "column": 10 }
          },
          {
            "start": { "line": 31, "column": 8 },
            "end": { "line": 31, "column": 27 }
          }
        ]
      }
    },
    "s": {
      "0": 0,
      "1": 0,
      "2": 0,
      "3": 0,
      "4": 0,
      "5": 0,
      "6": 0,
      "7": 0,
      "8": 0,
      "9": 0
    },
    "f": { "0": 0, "1": 0, "2": 0 },
    "b": { "0": [0, 0] }
  },
  "C:\\Users\\Алёна\\Desktop\\rss_coding\\Components-1\\src\\widgets\\CardDescription\\CardDescription.tsx": {
    "path": "C:\\Users\\Алёна\\Desktop\\rss_coding\\Components-1\\src\\widgets\\CardDescription\\CardDescription.tsx",
    "statementMap": {
      "0": {
        "start": { "line": 1, "column": 0 },
        "end": { "line": 1, "column": 45 }
      },
      "1": {
        "start": { "line": 3, "column": 0 },
        "end": { "line": 3, "column": 42 }
      },
      "2": {
        "start": { "line": 4, "column": 0 },
        "end": { "line": 4, "column": 31 }
      },
      "3": {
        "start": { "line": 6, "column": 24 },
        "end": { "line": 26, "column": 1 }
      },
      "4": {
        "start": { "line": 7, "column": 20 },
        "end": { "line": 7, "column": 48 }
      },
      "5": {
        "start": { "line": 10, "column": 4 },
        "end": { "line": 10, "column": 74 }
      },
      "6": {
        "start": { "line": 12, "column": 2 },
        "end": { "line": 25, "column": 4 }
      },
      "7": {
        "start": { "line": 28, "column": 0 },
        "end": { "line": 28, "column": 31 }
      }
    },
    "fnMap": {
      "0": {
        "name": "(anonymous_0)",
        "decl": {
          "start": { "line": 6, "column": 24 },
          "end": { "line": 6, "column": 40 }
        },
        "loc": {
          "start": { "line": 6, "column": 42 },
          "end": { "line": 26, "column": 1 }
        }
      }
    },
    "branchMap": {
      "0": {
        "loc": {
          "start": { "line": 10, "column": 4 },
          "end": { "line": 10, "column": 74 }
        },
        "type": "cond-expr",
        "locations": [
          {
            "start": { "line": 10, "column": 35 },
            "end": { "line": 10, "column": 57 }
          },
          {
            "start": { "line": 10, "column": 60 },
            "end": { "line": 10, "column": 74 }
          }
        ]
      }
    },
    "s": { "0": 0, "1": 0, "2": 0, "3": 0, "4": 0, "5": 0, "6": 0, "7": 0 },
    "f": { "0": 0 },
    "b": { "0": [0, 0] }
  },
  "C:\\Users\\Алёна\\Desktop\\rss_coding\\Components-1\\src\\widgets\\CardDescription\\CardDetail.tsx": {
    "path": "C:\\Users\\Алёна\\Desktop\\rss_coding\\Components-1\\src\\widgets\\CardDescription\\CardDetail.tsx",
    "statementMap": {
      "0": {
        "start": { "line": 3, "column": 26 },
        "end": { "line": 6, "column": null }
      },
      "1": {
        "start": { "line": 4, "column": 2 },
        "end": { "line": 5, "column": null }
      },
      "2": {
        "start": { "line": 3, "column": 13 },
        "end": { "line": 3, "column": 26 }
      }
    },
    "fnMap": {
      "0": {
        "name": "(anonymous_0)",
        "decl": {
          "start": { "line": 3, "column": 26 },
          "end": { "line": 3, "column": 27 }
        },
        "loc": {
          "start": { "line": 4, "column": 2 },
          "end": { "line": 5, "column": null }
        }
      }
    },
    "branchMap": {},
    "s": { "0": 1, "1": 3, "2": 1 },
    "f": { "0": 3 },
    "b": {}
  },
  "C:\\Users\\Алёна\\Desktop\\rss_coding\\Components-1\\src\\widgets\\CardList\\CardList.tsx": {
    "path": "C:\\Users\\Алёна\\Desktop\\rss_coding\\Components-1\\src\\widgets\\CardList\\CardList.tsx",
    "statementMap": {
      "0": {
        "start": { "line": 1, "column": 0 },
        "end": { "line": 1, "column": 33 }
      },
      "1": {
        "start": { "line": 2, "column": 0 },
        "end": { "line": 2, "column": 50 }
      },
      "2": {
        "start": { "line": 3, "column": 0 },
        "end": { "line": 3, "column": 38 }
      },
      "3": {
        "start": { "line": 5, "column": 0 },
        "end": { "line": 5, "column": 24 }
      },
      "4": {
        "start": { "line": 7, "column": 17 },
        "end": { "line": 27, "column": 1 }
      },
      "5": {
        "start": { "line": 8, "column": 24 },
        "end": { "line": 24, "column": 3 }
      },
      "6": {
        "start": { "line": 9, "column": 4 },
        "end": { "line": 23, "column": null }
      },
      "7": {
        "start": { "line": 10, "column": 6 },
        "end": { "line": 10, "column": 24 }
      },
      "8": {
        "start": { "line": 12, "column": 6 },
        "end": { "line": 22, "column": 8 }
      },
      "9": {
        "start": { "line": 26, "column": 2 },
        "end": { "line": 26, "column": 73 }
      },
      "10": {
        "start": { "line": 29, "column": 0 },
        "end": { "line": 29, "column": 24 }
      }
    },
    "fnMap": {
      "0": {
        "name": "(anonymous_1)",
        "decl": {
          "start": { "line": 7, "column": 17 },
          "end": { "line": 7, "column": 18 }
        },
        "loc": {
          "start": { "line": 7, "column": 60 },
          "end": { "line": 27, "column": 1 }
        }
      },
      "1": {
        "name": "(anonymous_2)",
        "decl": {
          "start": { "line": 8, "column": 24 },
          "end": { "line": 8, "column": 27 }
        },
        "loc": {
          "start": { "line": 8, "column": 29 },
          "end": { "line": 24, "column": 3 }
        }
      }
    },
    "branchMap": {
      "0": {
        "loc": {
          "start": { "line": 9, "column": 4 },
          "end": { "line": 23, "column": null }
        },
        "type": "if",
        "locations": [
          {
            "start": { "line": 9, "column": 4 },
            "end": { "line": 23, "column": null }
          },
          {
            "start": { "line": 11, "column": 11 },
            "end": { "line": 23, "column": null }
          }
        ]
      }
    },
    "s": {
      "0": 0,
      "1": 0,
      "2": 0,
      "3": 0,
      "4": 0,
      "5": 0,
      "6": 0,
      "7": 0,
      "8": 0,
      "9": 0,
      "10": 0
    },
    "f": { "0": 0, "1": 0 },
    "b": { "0": [0, 0] }
  },
  "C:\\Users\\Алёна\\Desktop\\rss_coding\\Components-1\\src\\widgets\\Context\\Context.tsx": {
    "path": "C:\\Users\\Алёна\\Desktop\\rss_coding\\Components-1\\src\\widgets\\Context\\Context.tsx",
    "statementMap": {
      "0": {
        "start": { "line": 1, "column": 0 },
        "end": { "line": 1, "column": 38 }
      },
      "1": {
        "start": { "line": 3, "column": 14 },
        "end": { "line": 3, "column": 49 }
      },
      "2": {
        "start": { "line": 6, "column": 13 },
        "end": { "line": 9, "column": 3 }
      },
      "3": {
        "start": { "line": 8, "column": 8 },
        "end": { "line": 8, "column": 12 }
      },
      "4": {
        "start": { "line": 11, "column": 13 },
        "end": { "line": 11, "column": 48 }
      }
    },
    "fnMap": {
      "0": {
        "name": "(anonymous_0)",
        "decl": {
          "start": { "line": 8, "column": 2 },
          "end": { "line": 8, "column": 5 }
        },
        "loc": {
          "start": { "line": 8, "column": 8 },
          "end": { "line": 8, "column": 12 }
        }
      }
    },
    "branchMap": {
      "0": {
        "loc": {
          "start": { "line": 3, "column": 14 },
          "end": { "line": 3, "column": 49 }
        },
        "type": "binary-expr",
        "locations": [
          {
            "start": { "line": 3, "column": 14 },
            "end": { "line": 3, "column": 43 }
          },
          {
            "start": { "line": 3, "column": 47 },
            "end": { "line": 3, "column": 49 }
          }
        ]
      }
    },
    "s": { "0": 0, "1": 0, "2": 0, "3": 0, "4": 0 },
    "f": { "0": 0 },
    "b": { "0": [0, 0] }
  },
  "C:\\Users\\Алёна\\Desktop\\rss_coding\\Components-1\\src\\widgets\\Details\\Details.tsx": {
    "path": "C:\\Users\\Алёна\\Desktop\\rss_coding\\Components-1\\src\\widgets\\Details\\Details.tsx",
    "statementMap": {
      "0": {
        "start": { "line": 1, "column": 0 },
        "end": { "line": 1, "column": 43 }
      },
      "1": {
        "start": { "line": 2, "column": 0 },
        "end": { "line": 2, "column": 33 }
      },
      "2": {
        "start": { "line": 3, "column": 0 },
        "end": { "line": 3, "column": 51 }
      },
      "3": {
        "start": { "line": 4, "column": 0 },
        "end": { "line": 4, "column": 65 }
      },
      "4": {
        "start": { "line": 5, "column": 0 },
        "end": { "line": 5, "column": 46 }
      },
      "5": {
        "start": { "line": 6, "column": 0 },
        "end": { "line": 6, "column": 23 }
      },
      "6": {
        "start": { "line": 8, "column": 16 },
        "end": { "line": 44, "column": 1 }
      },
      "7": {
        "start": { "line": 9, "column": 36 },
        "end": { "line": 9, "column": 59 }
      },
      "8": {
        "start": { "line": 10, "column": 19 },
        "end": { "line": 10, "column": 32 }
      },
      "9": {
        "start": { "line": 11, "column": 42 },
        "end": { "line": 11, "column": 59 }
      },
      "10": {
        "start": { "line": 13, "column": 23 },
        "end": { "line": 17, "column": 3 }
      },
      "11": {
        "start": { "line": 14, "column": 4 },
        "end": { "line": 14, "column": 24 }
      },
      "12": {
        "start": { "line": 15, "column": 4 },
        "end": { "line": 15, "column": 21 }
      },
      "13": {
        "start": { "line": 16, "column": 4 },
        "end": { "line": 16, "column": 25 }
      },
      "14": {
        "start": { "line": 19, "column": 25 },
        "end": { "line": 21, "column": 3 }
      },
      "15": {
        "start": { "line": 20, "column": 4 },
        "end": { "line": 20, "column": 25 }
      },
      "16": {
        "start": { "line": 23, "column": 29 },
        "end": { "line": 25, "column": 3 }
      },
      "17": {
        "start": { "line": 24, "column": 4 },
        "end": { "line": 24, "column": 57 }
      },
      "18": {
        "start": { "line": 27, "column": 2 },
        "end": { "line": 43, "column": 4 }
      },
      "19": {
        "start": { "line": 46, "column": 0 },
        "end": { "line": 46, "column": 23 }
      }
    },
    "fnMap": {
      "0": {
        "name": "(anonymous_1)",
        "decl": {
          "start": { "line": 8, "column": 16 },
          "end": { "line": 8, "column": 32 }
        },
        "loc": {
          "start": { "line": 8, "column": 34 },
          "end": { "line": 44, "column": 1 }
        }
      },
      "1": {
        "name": "(anonymous_2)",
        "decl": {
          "start": { "line": 13, "column": 23 },
          "end": { "line": 13, "column": 26 }
        },
        "loc": {
          "start": { "line": 13, "column": 28 },
          "end": { "line": 17, "column": 3 }
        }
      },
      "2": {
        "name": "(anonymous_3)",
        "decl": {
          "start": { "line": 19, "column": 25 },
          "end": { "line": 19, "column": 28 }
        },
        "loc": {
          "start": { "line": 19, "column": 30 },
          "end": { "line": 21, "column": 3 }
        }
      },
      "3": {
        "name": "(anonymous_4)",
        "decl": {
          "start": { "line": 23, "column": 29 },
          "end": { "line": 23, "column": 32 }
        },
        "loc": {
          "start": { "line": 23, "column": 34 },
          "end": { "line": 25, "column": 3 }
        }
      }
    },
    "branchMap": {
      "0": {
        "loc": {
          "start": { "line": 24, "column": 20 },
          "end": { "line": 24, "column": 55 }
        },
        "type": "binary-expr",
        "locations": [
          {
            "start": { "line": 24, "column": 20 },
            "end": { "line": 24, "column": 49 }
          },
          {
            "start": { "line": 24, "column": 53 },
            "end": { "line": 24, "column": 55 }
          }
        ]
      },
      "1": {
        "loc": {
          "start": { "line": 29, "column": 7 },
          "end": { "line": 40, "column": null }
        },
        "type": "binary-expr",
        "locations": [
          {
            "start": { "line": 29, "column": 7 },
            "end": { "line": 29, "column": 16 }
          },
          {
            "start": { "line": 30, "column": 8 },
            "end": { "line": 39, "column": null }
          }
        ]
      }
    },
    "s": {
      "0": 0,
      "1": 0,
      "2": 0,
      "3": 0,
      "4": 0,
      "5": 0,
      "6": 0,
      "7": 0,
      "8": 0,
      "9": 0,
      "10": 0,
      "11": 0,
      "12": 0,
      "13": 0,
      "14": 0,
      "15": 0,
      "16": 0,
      "17": 0,
      "18": 0,
      "19": 0
    },
    "f": { "0": 0, "1": 0, "2": 0, "3": 0 },
    "b": { "0": [0, 0], "1": [0, 0] }
  },
  "C:\\Users\\Алёна\\Desktop\\rss_coding\\Components-1\\src\\widgets\\ErrorBoundary\\ErrorBoundary.tsx": {
    "path": "C:\\Users\\Алёна\\Desktop\\rss_coding\\Components-1\\src\\widgets\\ErrorBoundary\\ErrorBoundary.tsx",
    "statementMap": {
      "0": {
        "start": { "line": 1, "column": 0 },
        "end": { "line": 1, "column": 29 }
      },
      "1": {
        "start": { "line": 4, "column": 2 },
        "end": { "line": 12, "column": 4 }
      },
      "2": {
        "start": { "line": 3, "column": 0 },
        "end": { "line": 3, "column": 24 }
      }
    },
    "fnMap": {
      "0": {
        "name": "ErrorBoundary",
        "decl": {
          "start": { "line": 3, "column": 24 },
          "end": { "line": 3, "column": 37 }
        },
        "loc": {
          "start": { "line": 3, "column": 37 },
          "end": { "line": 13, "column": 1 }
        }
      }
    },
    "branchMap": {},
    "s": { "0": 0, "1": 0, "2": 0 },
    "f": { "0": 0 },
    "b": {}
  },
  "C:\\Users\\Алёна\\Desktop\\rss_coding\\Components-1\\src\\widgets\\Loader\\Loader.tsx": {
    "path": "C:\\Users\\Алёна\\Desktop\\rss_coding\\Components-1\\src\\widgets\\Loader\\Loader.tsx",
    "statementMap": {
      "0": {
        "start": { "line": 1, "column": 0 },
        "end": { "line": 1, "column": 22 }
      },
      "1": {
        "start": { "line": 3, "column": 15 },
        "end": { "line": 9, "column": 1 }
      },
      "2": {
        "start": { "line": 4, "column": 2 },
        "end": { "line": 8, "column": 4 }
      },
      "3": {
        "start": { "line": 11, "column": 0 },
        "end": { "line": 11, "column": 22 }
      }
    },
    "fnMap": {
      "0": {
        "name": "(anonymous_0)",
        "decl": {
          "start": { "line": 3, "column": 15 },
          "end": { "line": 3, "column": 31 }
        },
        "loc": {
          "start": { "line": 3, "column": 33 },
          "end": { "line": 9, "column": 1 }
        }
      }
    },
    "branchMap": {},
    "s": { "0": 0, "1": 0, "2": 0, "3": 0 },
    "f": { "0": 0 },
    "b": {}
  },
  "C:\\Users\\Алёна\\Desktop\\rss_coding\\Components-1\\src\\widgets\\Pagination\\Pagination.tsx": {
    "path": "C:\\Users\\Алёна\\Desktop\\rss_coding\\Components-1\\src\\widgets\\Pagination\\Pagination.tsx",
    "statementMap": {
      "0": {
        "start": { "line": 1, "column": 0 },
        "end": { "line": 1, "column": 44 }
      },
      "1": {
        "start": { "line": 3, "column": 0 },
        "end": { "line": 3, "column": 54 }
      },
      "2": {
        "start": { "line": 4, "column": 0 },
        "end": { "line": 4, "column": 26 }
      },
      "3": {
        "start": { "line": 10, "column": 19 },
        "end": { "line": 13, "column": null }
      },
      "4": {
        "start": { "line": 11, "column": 2 },
        "end": { "line": 11, "column": null }
      },
      "5": {
        "start": { "line": 16, "column": 19 },
        "end": { "line": 82, "column": 1 }
      },
      "6": {
        "start": { "line": 17, "column": 34 },
        "end": { "line": 17, "column": 65 }
      },
      "7": {
        "start": { "line": 18, "column": 38 },
        "end": { "line": 18, "column": 67 }
      },
      "8": {
        "start": { "line": 20, "column": 2 },
        "end": { "line": 31, "column": 38 }
      },
      "9": {
        "start": { "line": 23, "column": 4 },
        "end": { "line": 25, "column": null }
      },
      "10": {
        "start": { "line": 24, "column": 6 },
        "end": { "line": 24, "column": 59 }
      },
      "11": {
        "start": { "line": 27, "column": 4 },
        "end": { "line": 30, "column": null }
      },
      "12": {
        "start": { "line": 28, "column": 6 },
        "end": { "line": 28, "column": 30 }
      },
      "13": {
        "start": { "line": 29, "column": 6 },
        "end": { "line": 29, "column": 77 }
      },
      "14": {
        "start": { "line": 29, "column": 65 },
        "end": { "line": 29, "column": 74 }
      },
      "15": {
        "start": { "line": 33, "column": 28 },
        "end": { "line": 65, "column": 3 }
      },
      "16": {
        "start": { "line": 34, "column": 4 },
        "end": { "line": 34, "column": 31 }
      },
      "17": {
        "start": { "line": 34, "column": 19 },
        "end": { "line": 34, "column": 31 }
      },
      "18": {
        "start": { "line": 36, "column": 4 },
        "end": { "line": 64, "column": 7 }
      },
      "19": {
        "start": { "line": 37, "column": 6 },
        "end": { "line": 63, "column": null }
      },
      "20": {
        "start": { "line": 38, "column": 8 },
        "end": { "line": 45, "column": 10 }
      },
      "21": {
        "start": { "line": 46, "column": 13 },
        "end": { "line": 63, "column": null }
      },
      "22": {
        "start": { "line": 51, "column": 8 },
        "end": { "line": 58, "column": 10 }
      },
      "23": {
        "start": { "line": 56, "column": 27 },
        "end": { "line": 56, "column": 49 }
      },
      "24": {
        "start": { "line": 59, "column": 13 },
        "end": { "line": 63, "column": null }
      },
      "25": {
        "start": { "line": 60, "column": 8 },
        "end": { "line": 60, "column": 63 }
      },
      "26": {
        "start": { "line": 62, "column": 8 },
        "end": { "line": 62, "column": 20 }
      },
      "27": {
        "start": { "line": 67, "column": 2 },
        "end": { "line": 81, "column": 4 }
      },
      "28": {
        "start": { "line": 72, "column": 23 },
        "end": { "line": 72, "column": 62 }
      },
      "29": {
        "start": { "line": 78, "column": 23 },
        "end": { "line": 78, "column": 62 }
      },
      "30": {
        "start": { "line": 84, "column": 0 },
        "end": { "line": 84, "column": 26 }
      }
    },
    "fnMap": {
      "0": {
        "name": "(anonymous_0)",
        "decl": {
          "start": { "line": 10, "column": 19 },
          "end": { "line": 10, "column": 20 }
        },
        "loc": {
          "start": { "line": 11, "column": 2 },
          "end": { "line": 11, "column": null }
        }
      },
      "1": {
        "name": "(anonymous_1)",
        "decl": {
          "start": { "line": 16, "column": 19 },
          "end": { "line": 16, "column": 20 }
        },
        "loc": {
          "start": { "line": 16, "column": 59 },
          "end": { "line": 82, "column": 1 }
        }
      },
      "2": {
        "name": "(anonymous_2)",
        "decl": {
          "start": { "line": 20, "column": 12 },
          "end": { "line": 20, "column": 15 }
        },
        "loc": {
          "start": { "line": 20, "column": 17 },
          "end": { "line": 31, "column": 3 }
        }
      },
      "3": {
        "name": "(anonymous_3)",
        "decl": {
          "start": { "line": 29, "column": 51 },
          "end": { "line": 29, "column": 52 }
        },
        "loc": {
          "start": { "line": 29, "column": 65 },
          "end": { "line": 29, "column": 74 }
        }
      },
      "4": {
        "name": "(anonymous_4)",
        "decl": {
          "start": { "line": 33, "column": 28 },
          "end": { "line": 33, "column": 31 }
        },
        "loc": {
          "start": { "line": 33, "column": 33 },
          "end": { "line": 65, "column": 3 }
        }
      },
      "5": {
        "name": "(anonymous_5)",
        "decl": {
          "start": { "line": 36, "column": 24 },
          "end": { "line": 36, "column": 25 }
        },
        "loc": {
          "start": { "line": 36, "column": 40 },
          "end": { "line": 64, "column": 5 }
        }
      },
      "6": {
        "name": "(anonymous_6)",
        "decl": {
          "start": { "line": 43, "column": 21 },
          "end": { "line": 43, "column": 24 }
        },
        "loc": {
          "start": { "line": 43, "column": 26 },
          "end": { "line": 43, "column": 29 }
        }
      },
      "7": {
        "name": "(anonymous_7)",
        "decl": {
          "start": { "line": 56, "column": 21 },
          "end": { "line": 56, "column": 24 }
        },
        "loc": {
          "start": { "line": 56, "column": 27 },
          "end": { "line": 56, "column": 49 }
        }
      },
      "8": {
        "name": "(anonymous_8)",
        "decl": {
          "start": { "line": 72, "column": 17 },
          "end": { "line": 72, "column": 20 }
        },
        "loc": {
          "start": { "line": 72, "column": 23 },
          "end": { "line": 72, "column": 62 }
        }
      },
      "9": {
        "name": "(anonymous_9)",
        "decl": {
          "start": { "line": 78, "column": 17 },
          "end": { "line": 78, "column": 20 }
        },
        "loc": {
          "start": { "line": 78, "column": 23 },
          "end": { "line": 78, "column": 62 }
        }
      }
    },
    "branchMap": {
      "0": {
        "loc": {
          "start": { "line": 23, "column": 4 },
          "end": { "line": 25, "column": null }
        },
        "type": "if",
        "locations": [
          {
            "start": { "line": 23, "column": 4 },
            "end": { "line": 25, "column": null }
          }
        ]
      },
      "1": {
        "loc": {
          "start": { "line": 27, "column": 4 },
          "end": { "line": 30, "column": null }
        },
        "type": "if",
        "locations": [
          {
            "start": { "line": 27, "column": 4 },
            "end": { "line": 30, "column": null }
          }
        ]
      },
      "2": {
        "loc": {
          "start": { "line": 34, "column": 4 },
          "end": { "line": 34, "column": 31 }
        },
        "type": "if",
        "locations": [
          {
            "start": { "line": 34, "column": 4 },
            "end": { "line": 34, "column": 31 }
          }
        ]
      },
      "3": {
        "loc": {
          "start": { "line": 37, "column": 6 },
          "end": { "line": 63, "column": null }
        },
        "type": "if",
        "locations": [
          {
            "start": { "line": 37, "column": 6 },
            "end": { "line": 63, "column": null }
          },
          {
            "start": { "line": 46, "column": 13 },
            "end": { "line": 63, "column": null }
          }
        ]
      },
      "4": {
        "loc": {
          "start": { "line": 46, "column": 13 },
          "end": { "line": 63, "column": null }
        },
        "type": "if",
        "locations": [
          {
            "start": { "line": 46, "column": 13 },
            "end": { "line": 63, "column": null }
          },
          {
            "start": { "line": 59, "column": 13 },
            "end": { "line": 63, "column": null }
          }
        ]
      },
      "5": {
        "loc": {
          "start": { "line": 47, "column": 8 },
          "end": { "line": 49, "column": 70 }
        },
        "type": "binary-expr",
        "locations": [
          {
            "start": { "line": 47, "column": 8 },
            "end": { "line": 47, "column": 18 }
          },
          {
            "start": { "line": 48, "column": 8 },
            "end": { "line": 48, "column": 27 }
          },
          {
            "start": { "line": 49, "column": 9 },
            "end": { "line": 49, "column": 37 }
          },
          {
            "start": { "line": 49, "column": 41 },
            "end": { "line": 49, "column": 69 }
          }
        ]
      },
      "6": {
        "loc": {
          "start": { "line": 59, "column": 13 },
          "end": { "line": 63, "column": null }
        },
        "type": "if",
        "locations": [
          {
            "start": { "line": 59, "column": 13 },
            "end": { "line": 63, "column": null }
          },
          {
            "start": { "line": 61, "column": 13 },
            "end": { "line": 63, "column": null }
          }
        ]
      },
      "7": {
        "loc": {
          "start": { "line": 59, "column": 17 },
          "end": { "line": 59, "column": 58 }
        },
        "type": "binary-expr",
        "locations": [
          {
            "start": { "line": 59, "column": 17 },
            "end": { "line": 59, "column": 31 }
          },
          {
            "start": { "line": 59, "column": 35 },
            "end": { "line": 59, "column": 58 }
          }
        ]
      }
    },
    "s": {
      "0": 0,
      "1": 0,
      "2": 0,
      "3": 0,
      "4": 0,
      "5": 0,
      "6": 0,
      "7": 0,
      "8": 0,
      "9": 0,
      "10": 0,
      "11": 0,
      "12": 0,
      "13": 0,
      "14": 0,
      "15": 0,
      "16": 0,
      "17": 0,
      "18": 0,
      "19": 0,
      "20": 0,
      "21": 0,
      "22": 0,
      "23": 0,
      "24": 0,
      "25": 0,
      "26": 0,
      "27": 0,
      "28": 0,
      "29": 0,
      "30": 0
    },
    "f": {
      "0": 0,
      "1": 0,
      "2": 0,
      "3": 0,
      "4": 0,
      "5": 0,
      "6": 0,
      "7": 0,
      "8": 0,
      "9": 0
    },
    "b": {
      "0": [0],
      "1": [0],
      "2": [0],
      "3": [0, 0],
      "4": [0, 0],
      "5": [0, 0, 0, 0],
      "6": [0, 0],
      "7": [0, 0]
    }
  },
  "C:\\Users\\Алёна\\Desktop\\rss_coding\\Components-1\\src\\widgets\\Pagination\\PaginationButton.tsx": {
    "path": "C:\\Users\\Алёна\\Desktop\\rss_coding\\Components-1\\src\\widgets\\Pagination\\PaginationButton.tsx",
    "statementMap": {
      "0": {
        "start": { "line": 7, "column": 32 },
        "end": { "line": 16, "column": null }
      },
      "1": {
        "start": { "line": 8, "column": 2 },
        "end": { "line": 15, "column": null }
      },
      "2": {
        "start": { "line": 7, "column": 13 },
        "end": { "line": 7, "column": 32 }
      }
    },
    "fnMap": {
      "0": {
        "name": "(anonymous_0)",
        "decl": {
          "start": { "line": 7, "column": 32 },
          "end": { "line": 7, "column": 33 }
        },
        "loc": {
          "start": { "line": 8, "column": 2 },
          "end": { "line": 15, "column": null }
        }
      }
    },
    "branchMap": {
      "0": {
        "loc": {
          "start": { "line": 10, "column": 6 },
          "end": { "line": 10, "column": null }
        },
        "type": "cond-expr",
        "locations": [
          {
            "start": { "line": 10, "column": 23 },
            "end": { "line": 10, "column": 46 }
          },
          {
            "start": { "line": 10, "column": 49 },
            "end": { "line": 10, "column": null }
          }
        ]
      }
    },
    "s": { "0": 0, "1": 0, "2": 0 },
    "f": { "0": 0 },
    "b": { "0": [0, 0] }
  },
  "C:\\Users\\Алёна\\Desktop\\rss_coding\\Components-1\\src\\widgets\\Router\\router.tsx": {
    "path": "C:\\Users\\Алёна\\Desktop\\rss_coding\\Components-1\\src\\widgets\\Router\\router.tsx",
    "statementMap": {
      "0": {
        "start": { "line": 1, "column": 0 },
        "end": { "line": 1, "column": null }
      },
      "1": {
        "start": { "line": 6, "column": 0 },
        "end": { "line": 6, "column": 45 }
      },
      "2": {
        "start": { "line": 7, "column": 0 },
        "end": { "line": 7, "column": 70 }
      },
      "3": {
        "start": { "line": 8, "column": 0 },
        "end": { "line": 8, "column": 59 }
      },
      "4": {
        "start": { "line": 9, "column": 0 },
        "end": { "line": 9, "column": 45 }
      },
      "5": {
        "start": { "line": 10, "column": 0 },
        "end": { "line": 10, "column": 41 }
      },
      "6": {
        "start": { "line": 12, "column": 13 },
        "end": { "line": 28, "column": 2 }
      },
      "7": {
        "start": { "line": 23, "column": 10 },
        "end": { "line": 23, "column": 38 }
      }
    },
    "fnMap": {
      "0": {
        "name": "(anonymous_1)",
        "decl": {
          "start": { "line": 22, "column": 16 },
          "end": { "line": 22, "column": 21 }
        },
        "loc": {
          "start": { "line": 22, "column": 37 },
          "end": { "line": 24, "column": 9 }
        }
      }
    },
    "branchMap": {},
    "s": { "0": 0, "1": 0, "2": 0, "3": 0, "4": 0, "5": 0, "6": 0, "7": 0 },
    "f": { "0": 0 },
    "b": {}
  },
  "C:\\Users\\Алёна\\Desktop\\rss_coding\\Components-1\\src\\widgets\\SearchForm\\SearchForm.tsx": {
    "path": "C:\\Users\\Алёна\\Desktop\\rss_coding\\Components-1\\src\\widgets\\SearchForm\\SearchForm.tsx",
    "statementMap": {
      "0": {
        "start": { "line": 1, "column": 0 },
        "end": { "line": 1, "column": 33 }
      },
      "1": {
        "start": { "line": 2, "column": 0 },
        "end": { "line": 2, "column": 64 }
      },
      "2": {
        "start": { "line": 3, "column": 0 },
        "end": { "line": 3, "column": 26 }
      },
      "3": {
        "start": { "line": 5, "column": 19 },
        "end": { "line": 47, "column": 1 }
      },
      "4": {
        "start": { "line": 6, "column": 28 },
        "end": { "line": 6, "column": 56 }
      },
      "5": {
        "start": { "line": 8, "column": 21 },
        "end": { "line": 10, "column": 3 }
      },
      "6": {
        "start": { "line": 9, "column": 4 },
        "end": { "line": 9, "column": 26 }
      },
      "7": {
        "start": { "line": 12, "column": 2 },
        "end": { "line": 14, "column": null }
      },
      "8": {
        "start": { "line": 13, "column": 4 },
        "end": { "line": 13, "column": 36 }
      },
      "9": {
        "start": { "line": 16, "column": 2 },
        "end": { "line": 46, "column": 4 }
      },
      "10": {
        "start": { "line": 26, "column": 27 },
        "end": { "line": 26, "column": 67 }
      },
      "11": {
        "start": { "line": 37, "column": 12 },
        "end": { "line": 37, "column": 53 }
      },
      "12": {
        "start": { "line": 38, "column": 12 },
        "end": { "line": 38, "column": 50 }
      },
      "13": {
        "start": { "line": 49, "column": 0 },
        "end": { "line": 49, "column": 26 }
      }
    },
    "fnMap": {
      "0": {
        "name": "(anonymous_0)",
        "decl": {
          "start": { "line": 5, "column": 19 },
          "end": { "line": 5, "column": 20 }
        },
        "loc": {
          "start": { "line": 5, "column": 59 },
          "end": { "line": 47, "column": 1 }
        }
      },
      "1": {
        "name": "(anonymous_1)",
        "decl": {
          "start": { "line": 8, "column": 21 },
          "end": { "line": 8, "column": 24 }
        },
        "loc": {
          "start": { "line": 8, "column": 26 },
          "end": { "line": 10, "column": 3 }
        }
      },
      "2": {
        "name": "(anonymous_2)",
        "decl": {
          "start": { "line": 26, "column": 20 },
          "end": { "line": 26, "column": 21 }
        },
        "loc": {
          "start": { "line": 26, "column": 27 },
          "end": { "line": 26, "column": 67 }
        }
      },
      "3": {
        "name": "(anonymous_3)",
        "decl": {
          "start": { "line": 36, "column": 20 },
          "end": { "line": 36, "column": 21 }
        },
        "loc": {
          "start": { "line": 36, "column": 30 },
          "end": { "line": 39, "column": 11 }
        }
      }
    },
    "branchMap": {
      "0": {
        "loc": {
          "start": { "line": 12, "column": 2 },
          "end": { "line": 14, "column": null }
        },
        "type": "if",
        "locations": [
          {
            "start": { "line": 12, "column": 2 },
            "end": { "line": 14, "column": null }
          }
        ]
      }
    },
    "s": {
      "0": 0,
      "1": 0,
      "2": 0,
      "3": 0,
      "4": 0,
      "5": 0,
      "6": 0,
      "7": 0,
      "8": 0,
      "9": 0,
      "10": 0,
      "11": 0,
      "12": 0,
      "13": 0
    },
    "f": { "0": 0, "1": 0, "2": 0, "3": 0 },
    "b": { "0": [0] }
  }
}
